c:\users\erans\documents\visual studio 2015\projects\dllspy\dllspy\x64\debug\vc140.pdb
c:\users\erans\documents\visual studio 2015\projects\dllspy\dllspy\x64\debug\vc140.idb
c:\users\erans\documents\visual studio 2015\projects\dllspy\dllspy\x64\debug\dllspy.obj
c:\users\erans\documents\visual studio 2015\projects\dllspy\dllspy\x64\debug\impersonation.obj
c:\users\erans\documents\visual studio 2015\projects\dllspy\dllspy\x64\debug\mystrings.obj
c:\users\erans\documents\visual studio 2015\projects\dllspy\dllspy\x64\debug\serviceregistry.obj
c:\users\erans\documents\visual studio 2015\projects\dllspy\dllspy\x64\debug\utils.obj
c:\users\erans\documents\visual studio 2015\projects\dllspy - copy\dllspy\x64\debug\vc140.pdb
c:\users\erans\documents\visual studio 2015\projects\dllspy - copy\dllspy\x64\debug\vc140.idb
c:\users\erans\documents\visual studio 2015\projects\dllspy - copy\dllspy\x64\debug\impersonation.obj
c:\users\erans\documents\visual studio 2015\projects\dllspy - copy\dllspy\x64\debug\mystrings.obj
c:\users\erans\documents\visual studio 2015\projects\dllspy - copy\dllspy\x64\debug\serviceregistry.obj
c:\users\erans\documents\visual studio 2015\projects\dllspy - copy\dllspy\x64\debug\utils.obj
c:\users\erans\documents\visual studio 2015\projects\dllspy - copy\dllspy\x64\debug\dllspy.obj
c:\users\erans\documents\visual studio 2015\projects\dllspy\x64\debug\dllspy.ilk
c:\users\erans\documents\visual studio 2015\projects\dllspy\x64\debug\dllspy.exe
c:\users\erans\documents\visual studio 2015\projects\dllspy\x64\debug\dllspy.pdb
c:\users\erans\documents\visual studio 2015\projects\dllspy - copy\x64\debug\dllspy.ilk
c:\users\erans\documents\visual studio 2015\projects\dllspy - copy\x64\debug\dllspy.exe
c:\users\erans\documents\visual studio 2015\projects\dllspy - copy\x64\debug\dllspy.pdb
c:\users\erans\documents\visual studio 2015\projects\dllspy - copy\dllspy\x64\debug\dllspy.tlog\cl.command.1.tlog
c:\users\erans\documents\visual studio 2015\projects\dllspy - copy\dllspy\x64\debug\dllspy.tlog\cl.read.1.tlog
c:\users\erans\documents\visual studio 2015\projects\dllspy - copy\dllspy\x64\debug\dllspy.tlog\cl.write.1.tlog
c:\users\erans\documents\visual studio 2015\projects\dllspy - copy\dllspy\x64\debug\dllspy.tlog\link.command.1.tlog
c:\users\erans\documents\visual studio 2015\projects\dllspy - copy\dllspy\x64\debug\dllspy.tlog\link.read.1.tlog
c:\users\erans\documents\visual studio 2015\projects\dllspy - copy\dllspy\x64\debug\dllspy.tlog\link.write.1.tlog
